<?xml version="1.0" encoding="UTF-8"?>
<!-- Generated by org.testng.reporters.JUnitReportReporter -->
<testsuite skipped="0" hostname="DESKTOP-L5FLRLQ" name="Web.SeleniumTestNG.suv" tests="5" failures="0" timestamp="2022-06-29T21:11:30 IST" time="0.068" errors="0">
  <testcase name="suvTC1" time="0.007" classname="Web.SeleniumTestNG.suv"/>
  <system-out/>
  <testcase name="suvTC1" time="0.005" classname="Web.SeleniumTestNG.suv"/>
  <system-out/>
  <testcase name="suvTC1" time="0.017" classname="Web.SeleniumTestNG.suv"/>
  <system-out/>
  <testcase name="suvTC1" time="0.013" classname="Web.SeleniumTestNG.suv"/>
  <system-out/>
  <testcase name="suvTC2" time="0.026" classname="Web.SeleniumTestNG.suv"/>
  <system-out/>
</testsuite> <!-- Web.SeleniumTestNG.suv -->
