<?xml version="1.0" encoding="UTF-8"?>
<!-- Generated by org.testng.reporters.JUnitReportReporter -->
<testsuite skipped="0" hostname="DESKTOP-L5FLRLQ" name="Web.SeleniumTestNG.dropdowns" tests="1" failures="0" timestamp="2022-06-20T11:23:25 IST" time="23.400" errors="0">
  <testcase name="m1" time="23.400" classname="Web.SeleniumTestNG.dropdowns"/>
  <system-out/>
</testsuite> <!-- Web.SeleniumTestNG.dropdowns -->
