<?xml version="1.0" encoding="UTF-8"?>
<!-- Generated by org.testng.reporters.JUnitReportReporter -->
<testsuite skipped="0" hostname="DESKTOP-L5FLRLQ" name="Web.SeleniumTestNG.frames" tests="1" failures="0" timestamp="2022-06-26T12:08:01 IST" time="16.601" errors="0">
  <testcase name="m1" time="16.601" classname="Web.SeleniumTestNG.frames"/>
  <system-out/>
</testsuite> <!-- Web.SeleniumTestNG.frames -->
