<?xml version="1.0" encoding="UTF-8"?>
<!-- Generated by org.testng.reporters.JUnitReportReporter -->
<testsuite skipped="0" hostname="DESKTOP-L5FLRLQ" name="FrameworkAnnotations.FrameworkAnnotations" tests="2" failures="0" timestamp="2022-06-28T10:50:31 IST" time="0.014" errors="0">
  <testcase name="test2" time="0.004" classname="FrameworkAnnotations.FrameworkAnnotations"/>
  <system-out/>
  <testcase name="test" time="0.010" classname="FrameworkAnnotations.FrameworkAnnotations"/>
  <system-out/>
</testsuite> <!-- FrameworkAnnotations.FrameworkAnnotations -->
