<?xml version="1.0" encoding="UTF-8"?>
<!-- Generated by org.testng.reporters.JUnitReportReporter -->
<testsuite skipped="0" hostname="DESKTOP-L5FLRLQ" name="TestCases.TC1" tests="1" failures="0" timestamp="2022-07-04T20:44:02 IST" time="0.199" errors="0">
  <testcase name="login" time="0.199" classname="TestCases.TC1"/>
  <system-out/>
</testsuite> <!-- TestCases.TC1 -->
