<?xml version="1.0" encoding="UTF-8"?>
<!-- Generated by org.testng.reporters.JUnitReportReporter -->
<testsuite skipped="0" hostname="DESKTOP-L5FLRLQ" name="TestCases.TC55" tests="1" failures="0" timestamp="2022-07-26T10:49:45 IST" time="50.915" errors="0">
  <testcase name="login" time="50.915" classname="TestCases.TC55"/>
  <system-out/>
</testsuite> <!-- TestCases.TC55 -->
