<?xml version="1.0" encoding="UTF-8"?>
<!-- Generated by org.testng.reporters.JUnitReportReporter -->
<testsuite skipped="0" hostname="DESKTOP-L5FLRLQ" name="TestCases.TC55" tests="1" failures="0" timestamp="2022-07-25T19:45:24 IST" time="37.018" errors="0">
  <testcase name="login" time="37.018" classname="TestCases.TC55"/>
  <system-out/>
</testsuite> <!-- TestCases.TC55 -->
