<?xml version="1.0" encoding="UTF-8"?>
<!-- Generated by org.testng.reporters.JUnitReportReporter -->
<testsuite skipped="0" hostname="DESKTOP-L5FLRLQ" name="Web.SeleniumTestNG.car" tests="2" failures="0" timestamp="2022-06-29T21:11:30 IST" time="0.022" errors="0">
  <testcase name="logout" time="0.012" classname="Web.SeleniumTestNG.car"/>
  <system-out/>
  <testcase name="login" time="0.010" classname="Web.SeleniumTestNG.car"/>
  <system-out/>
</testsuite> <!-- Web.SeleniumTestNG.car -->
