<?xml version="1.0" encoding="UTF-8"?>
<!-- Generated by org.testng.reporters.JUnitReportReporter -->
<testsuite skipped="0" hostname="DESKTOP-L5FLRLQ" name="TestCases.TC33" tests="1" failures="0" timestamp="2022-07-04T20:34:42 IST" time="0.209" errors="0">
  <testcase name="login" time="0.209" classname="TestCases.TC33"/>
  <system-out/>
</testsuite> <!-- TestCases.TC33 -->
