<?xml version="1.0" encoding="UTF-8"?>
<!-- Generated by org.testng.reporters.JUnitReportReporter -->
<testsuite skipped="0" hostname="DESKTOP-L5FLRLQ" name="Web.SeleniumTestNG.testD4" tests="1" failures="0" timestamp="2022-06-28T15:59:23 IST" time="0.006" errors="0">
  <testcase name="d4" time="0.006" classname="Web.SeleniumTestNG.testD4"/>
  <system-out/>
</testsuite> <!-- Web.SeleniumTestNG.testD4 -->
