<?xml version="1.0" encoding="UTF-8"?>
<!-- Generated by org.testng.reporters.JUnitReportReporter -->
<testsuite skipped="0" hostname="DESKTOP-L5FLRLQ" name="Web.SeleniumTestNG.students" tests="3" failures="0" timestamp="2022-06-28T20:06:10 IST" time="0.031" errors="0">
  <testcase name="getRollNumber" time="0.024" classname="Web.SeleniumTestNG.students"/>
  <system-out/>
  <testcase name="loginToApp" time="0.004" classname="Web.SeleniumTestNG.students"/>
  <system-out/>
  <testcase name="studentName" time="0.003" classname="Web.SeleniumTestNG.students"/>
  <system-out/>
</testsuite> <!-- Web.SeleniumTestNG.students -->
