<?xml version="1.0" encoding="UTF-8"?>
<!-- Generated by org.testng.reporters.JUnitReportReporter -->
<testsuite skipped="0" hostname="DESKTOP-L5FLRLQ" name="Web.SeleniumTestNG.ActionsClass" tests="1" failures="0" timestamp="2022-06-25T12:34:41 IST" time="16.512" errors="0">
  <testcase name="m1" time="16.512" classname="Web.SeleniumTestNG.ActionsClass"/>
  <system-out/>
</testsuite> <!-- Web.SeleniumTestNG.ActionsClass -->
