<?xml version="1.0" encoding="UTF-8"?>
<!-- Generated by org.testng.reporters.JUnitReportReporter -->
<testsuite skipped="0" hostname="DESKTOP-L5FLRLQ" name="Web.SeleniumTestNG.Alerts" tests="1" failures="0" timestamp="2022-06-21T19:19:37 IST" time="15.968" errors="0">
  <testcase name="m1" time="15.968" classname="Web.SeleniumTestNG.Alerts"/>
  <system-out/>
</testsuite> <!-- Web.SeleniumTestNG.Alerts -->
