<?xml version="1.0" encoding="UTF-8"?>
<!-- Generated by org.testng.reporters.JUnitReportReporter -->
<testsuite skipped="0" hostname="DESKTOP-L5FLRLQ" name="Web.SeleniumTestNG.test" tests="2" failures="0" timestamp="2022-06-29T19:01:53 IST" time="0.006" errors="0">
  <testcase name="suvCars1" time="0.004" classname="Web.SeleniumTestNG.test"/>
  <system-out/>
  <testcase name="suvCars" time="0.002" classname="Web.SeleniumTestNG.test"/>
  <system-out/>
</testsuite> <!-- Web.SeleniumTestNG.test -->
