<?xml version="1.0" encoding="UTF-8"?>
<!-- Generated by org.testng.reporters.JUnitReportReporter -->
<testsuite skipped="0" hostname="DESKTOP-L5FLRLQ" name="Web.SeleniumTestNG.checkboxes" tests="1" failures="0" timestamp="2022-06-17T18:19:04 IST" time="10.389" errors="0">
  <testcase name="m1" time="10.389" classname="Web.SeleniumTestNG.checkboxes"/>
  <system-out/>
</testsuite> <!-- Web.SeleniumTestNG.checkboxes -->
