<?xml version="1.0" encoding="UTF-8"?>
<!-- Generated by org.testng.reporters.JUnitReportReporter -->
<testsuite skipped="0" hostname="DESKTOP-L5FLRLQ" name="Web.SeleniumTestNG.BasicAuth" tests="1" failures="0" timestamp="2022-06-23T19:20:48 IST" time="51.421" errors="1">
  <testcase name="m1" time="51.421" classname="Web.SeleniumTestNG.BasicAuth">
    <error type="org.openqa.selenium.WebDriverException" message="Failed to connect to binary FirefoxBinary(C:\Program Files (x86)\Mozilla Firefox\firefox.exe) on port 7055; process output follows: 
][GFX1-]: [D3D11] failed to get compositor device. (t=170.272) |[4][GFX1-]: Failed to initialize CompositorD3D11 for SWGL: FEATURE_FAILURE_D3D11_NO_DEVICE (t=170.272) |[5][GFX1-]: RenderCompositorSWGL failed mapping default framebuffer, no dt (t=183.712) |[6][GFX1-]: Receive IPC close with reason=AbnormalShutdown (t=183.872) [GFX1-]: Receive IPC close with reason=AbnormalShutdown
Crash Annotation GraphicsCriticalError: |[0][GFX1-]: Killing GPU process due to IPC reply timeout (t=169.962) |[1][GFX1-]: Fallback WR to SW-WR + D3D11 (t=170.122) |[2][GFX1-]: Failed to create remote compositor (t=170.122) |[3][GFX1-]: [D3D11] failed to get compositor device. (t=170.272) |[4][GFX1-]: Failed to initialize CompositorD3D11 for SWGL: FEATURE_FAILURE_D3D11_NO_DEVICE (t=170.272) |[5][GFX1-]: RenderCompositorSWGL failed mapping default framebuffer, no dt (t=183.712) |[6][GFX1-]: Receive IPC close with reason=AbnormalShutdown (t=183.872) |[7][GFX1-]: [D3D11] failed to get compositor device. (t=189.492) [GFX1-]: [D3D11] failed to get compositor device.
Crash Annotation GraphicsCriticalError: |[0][GFX1-]: Killing GPU process due to IPC reply timeout (t=169.962) |[1][GFX1-]: Fallback WR to SW-WR + D3D11 (t=170.122) |[2][GFX1-]: Failed to create remote compositor (t=170.122) |[3][GFX1-]: [D3D11] failed to get compositor device. (t=170.272) |[4][GFX1-]: Failed to initialize CompositorD3D11 for SWGL: FEATURE_FAILURE_D3D11_NO_DEVICE (t=170.272) |[5][GFX1-]: RenderCompositorSWGL failed mapping default framebuffer, no dt (t=183.712) |[6][GFX1-]: Receive IPC close with reason=AbnormalShutdown (t=183.872) |[7][GFX1-]: [D3D11] failed to get compositor device. (t=189.492) |[8][GFX1-]: Failed to initialize CompositorD3D11 for SWGL: FEATURE_FAILURE_D3D11_NO_DEVICE (t=189.492) [GFX1-]: Failed to initialize CompositorD3D11 for SWGL: FEATURE_FAILURE_D3D11_NO_DEVICE
JavaScript error: resource://gre/modules/XULStore.jsm, line 66: Error: Can&#039;t find profile directory.
Crash Annotation GraphicsCriticalError: |[0][GFX1-]: Killing GPU process due to IPC reply timeout (t=169.962) |[1][GFX1-]: Fallback WR to SW-WR + D3D11 (t=170.122) |[2][GFX1-]: Failed to create remote compositor (t=170.122) |[3][GFX1-]: [D3D11] failed to get compositor device. (t=170.272) |[4][GFX1-]: Failed to initialize CompositorD3D11 for SWGL: FEATURE_FAILURE_D3D11_NO_DEVICE (t=170.272) |[5][GFX1-]: RenderCompositorSWGL failed mapping default framebuffer, no dt (t=183.712) |[6][GFX1-]: Receive IPC close with reason=AbnormalShutdown (t=183.872) |[7][GFX1-]: [D3D11] failed to get compositor device. (t=189.492) |[8][GFX1-]: Failed to initialize CompositorD3D11 for SWGL: FEATURE_FAILURE_D3D11_NO_DEVICE (t=189.492) |[9][GFX1-]: [D3D11] failed to get compositor device. (t=240.742) [GFX1-]: [D3D11] failed to get compositor device.
Crash Annotation GraphicsCriticalError: |[0][GFX1-]: Killing GPU process due to IPC reply timeout (t=169.962) |[1][GFX1-]: Fallback WR to SW-WR + D3D11 (t=170.122) |[2][GFX1-]: Failed to create remote compositor (t=170.122) |[3][GFX1-]: [D3D11] failed to get compositor device. (t=170.272) |[4][GFX1-]: Failed to initialize CompositorD3D11 for SWGL: FEATURE_FAILURE_D3D11_NO_DEVICE (t=170.272) |[5][GFX1-]: RenderCompositorSWGL failed mapping default framebuffer, no dt (t=183.712) |[6][GFX1-]: Receive IPC close with reason=AbnormalShutdown (t=183.872) |[7][GFX1-]: [D3D11] failed to get compositor device. (t=189.492) |[8][GFX1-]: Failed to initialize CompositorD3D11 for SWGL: FEATURE_FAILURE_D3D11_NO_DEVICE (t=189.492) |[9][GFX1-]: [D3D11] failed to get compositor device. (t=240.742) |[10][GFX1-]: Failed to initialize CompositorD3D11 for SWGL: FEATURE_FAILURE_D3D11_NO_DEVICE (t=240.742) [GFX1-]: Failed to initialize CompositorD3D11 for SWGL: FEATURE_FAILURE_D3D11_NO_DEVICE

###!!! [Parent][PRemoteDecoderManagerParent] Error: RunMessage(msgname=PRemoteDecoderManager::Msg_PRemoteDecoderConstructor) Channel error: cannot send/recv


###!!! [Parent][PRemoteDecoderManagerParent] Error: RunMessage(msgname=PRemoteDecoder::Msg_Construct) Channel error: cannot send/recv


Build info: version: &#039;2.53.1&#039;, revision: &#039;a36b8b1cd5757287168e54b817830adce9b0158d&#039;, time: &#039;2016-06-30 19:26:09&#039;
System info: host: &#039;DESKTOP-L5FLRLQ&#039;, ip: &#039;192.168.116.234&#039;, os.name: &#039;Windows 10&#039;, os.arch: &#039;amd64&#039;, os.version: &#039;10.0&#039;, java.version: &#039;1.8.0_251&#039;
Driver info: driver.version: FirefoxDriver">
      <![CDATA[org.openqa.selenium.WebDriverException: Failed to connect to binary FirefoxBinary(C:\Program Files (x86)\Mozilla Firefox\firefox.exe) on port 7055; process output follows: 
][GFX1-]: [D3D11] failed to get compositor device. (t=170.272) |[4][GFX1-]: Failed to initialize CompositorD3D11 for SWGL: FEATURE_FAILURE_D3D11_NO_DEVICE (t=170.272) |[5][GFX1-]: RenderCompositorSWGL failed mapping default framebuffer, no dt (t=183.712) |[6][GFX1-]: Receive IPC close with reason=AbnormalShutdown (t=183.872) [GFX1-]: Receive IPC close with reason=AbnormalShutdown
Crash Annotation GraphicsCriticalError: |[0][GFX1-]: Killing GPU process due to IPC reply timeout (t=169.962) |[1][GFX1-]: Fallback WR to SW-WR + D3D11 (t=170.122) |[2][GFX1-]: Failed to create remote compositor (t=170.122) |[3][GFX1-]: [D3D11] failed to get compositor device. (t=170.272) |[4][GFX1-]: Failed to initialize CompositorD3D11 for SWGL: FEATURE_FAILURE_D3D11_NO_DEVICE (t=170.272) |[5][GFX1-]: RenderCompositorSWGL failed mapping default framebuffer, no dt (t=183.712) |[6][GFX1-]: Receive IPC close with reason=AbnormalShutdown (t=183.872) |[7][GFX1-]: [D3D11] failed to get compositor device. (t=189.492) [GFX1-]: [D3D11] failed to get compositor device.
Crash Annotation GraphicsCriticalError: |[0][GFX1-]: Killing GPU process due to IPC reply timeout (t=169.962) |[1][GFX1-]: Fallback WR to SW-WR + D3D11 (t=170.122) |[2][GFX1-]: Failed to create remote compositor (t=170.122) |[3][GFX1-]: [D3D11] failed to get compositor device. (t=170.272) |[4][GFX1-]: Failed to initialize CompositorD3D11 for SWGL: FEATURE_FAILURE_D3D11_NO_DEVICE (t=170.272) |[5][GFX1-]: RenderCompositorSWGL failed mapping default framebuffer, no dt (t=183.712) |[6][GFX1-]: Receive IPC close with reason=AbnormalShutdown (t=183.872) |[7][GFX1-]: [D3D11] failed to get compositor device. (t=189.492) |[8][GFX1-]: Failed to initialize CompositorD3D11 for SWGL: FEATURE_FAILURE_D3D11_NO_DEVICE (t=189.492) [GFX1-]: Failed to initialize CompositorD3D11 for SWGL: FEATURE_FAILURE_D3D11_NO_DEVICE
JavaScript error: resource://gre/modules/XULStore.jsm, line 66: Error: Can't find profile directory.
Crash Annotation GraphicsCriticalError: |[0][GFX1-]: Killing GPU process due to IPC reply timeout (t=169.962) |[1][GFX1-]: Fallback WR to SW-WR + D3D11 (t=170.122) |[2][GFX1-]: Failed to create remote compositor (t=170.122) |[3][GFX1-]: [D3D11] failed to get compositor device. (t=170.272) |[4][GFX1-]: Failed to initialize CompositorD3D11 for SWGL: FEATURE_FAILURE_D3D11_NO_DEVICE (t=170.272) |[5][GFX1-]: RenderCompositorSWGL failed mapping default framebuffer, no dt (t=183.712) |[6][GFX1-]: Receive IPC close with reason=AbnormalShutdown (t=183.872) |[7][GFX1-]: [D3D11] failed to get compositor device. (t=189.492) |[8][GFX1-]: Failed to initialize CompositorD3D11 for SWGL: FEATURE_FAILURE_D3D11_NO_DEVICE (t=189.492) |[9][GFX1-]: [D3D11] failed to get compositor device. (t=240.742) [GFX1-]: [D3D11] failed to get compositor device.
Crash Annotation GraphicsCriticalError: |[0][GFX1-]: Killing GPU process due to IPC reply timeout (t=169.962) |[1][GFX1-]: Fallback WR to SW-WR + D3D11 (t=170.122) |[2][GFX1-]: Failed to create remote compositor (t=170.122) |[3][GFX1-]: [D3D11] failed to get compositor device. (t=170.272) |[4][GFX1-]: Failed to initialize CompositorD3D11 for SWGL: FEATURE_FAILURE_D3D11_NO_DEVICE (t=170.272) |[5][GFX1-]: RenderCompositorSWGL failed mapping default framebuffer, no dt (t=183.712) |[6][GFX1-]: Receive IPC close with reason=AbnormalShutdown (t=183.872) |[7][GFX1-]: [D3D11] failed to get compositor device. (t=189.492) |[8][GFX1-]: Failed to initialize CompositorD3D11 for SWGL: FEATURE_FAILURE_D3D11_NO_DEVICE (t=189.492) |[9][GFX1-]: [D3D11] failed to get compositor device. (t=240.742) |[10][GFX1-]: Failed to initialize CompositorD3D11 for SWGL: FEATURE_FAILURE_D3D11_NO_DEVICE (t=240.742) [GFX1-]: Failed to initialize CompositorD3D11 for SWGL: FEATURE_FAILURE_D3D11_NO_DEVICE

###!!! [Parent][PRemoteDecoderManagerParent] Error: RunMessage(msgname=PRemoteDecoderManager::Msg_PRemoteDecoderConstructor) Channel error: cannot send/recv


###!!! [Parent][PRemoteDecoderManagerParent] Error: RunMessage(msgname=PRemoteDecoder::Msg_Construct) Channel error: cannot send/recv


Build info: version: '2.53.1', revision: 'a36b8b1cd5757287168e54b817830adce9b0158d', time: '2016-06-30 19:26:09'
System info: host: 'DESKTOP-L5FLRLQ', ip: '192.168.116.234', os.name: 'Windows 10', os.arch: 'amd64', os.version: '10.0', java.version: '1.8.0_251'
Driver info: driver.version: FirefoxDriver
at org.openqa.selenium.firefox.internal.NewProfileExtensionConnection.start(NewProfileExtensionConnection.java:125)
at org.openqa.selenium.firefox.FirefoxDriver.startClient(FirefoxDriver.java:271)
at org.openqa.selenium.remote.RemoteWebDriver.<init>(RemoteWebDriver.java:119)
at org.openqa.selenium.firefox.FirefoxDriver.<init>(FirefoxDriver.java:216)
at org.openqa.selenium.firefox.FirefoxDriver.<init>(FirefoxDriver.java:211)
at org.openqa.selenium.firefox.FirefoxDriver.<init>(FirefoxDriver.java:207)
at org.openqa.selenium.firefox.FirefoxDriver.<init>(FirefoxDriver.java:120)
at Web.SeleniumTestNG.BasicAuth.m1(BasicAuth.java:21)
at sun.reflect.NativeMethodAccessorImpl.invoke0(Native Method)
at sun.reflect.NativeMethodAccessorImpl.invoke(Unknown Source)
at sun.reflect.DelegatingMethodAccessorImpl.invoke(Unknown Source)
at java.lang.reflect.Method.invoke(Unknown Source)
at org.testng.internal.MethodInvocationHelper.invokeMethod(MethodInvocationHelper.java:134)
at org.testng.internal.TestInvoker.invokeMethod(TestInvoker.java:597)
at org.testng.internal.TestInvoker.invokeTestMethod(TestInvoker.java:173)
at org.testng.internal.MethodRunner.runInSequence(MethodRunner.java:46)
at org.testng.internal.TestInvoker$MethodInvocationAgent.invoke(TestInvoker.java:816)
at org.testng.internal.TestInvoker.invokeTestMethods(TestInvoker.java:146)
at org.testng.internal.TestMethodWorker.invokeTestMethods(TestMethodWorker.java:146)
at org.testng.internal.TestMethodWorker.run(TestMethodWorker.java:128)
at java.util.ArrayList.forEach(Unknown Source)
at org.testng.TestRunner.privateRun(TestRunner.java:766)
at org.testng.TestRunner.run(TestRunner.java:587)
at org.testng.SuiteRunner.runTest(SuiteRunner.java:384)
at org.testng.SuiteRunner.runSequentially(SuiteRunner.java:378)
at org.testng.SuiteRunner.privateRun(SuiteRunner.java:337)
at org.testng.SuiteRunner.run(SuiteRunner.java:286)
at org.testng.SuiteRunnerWorker.runSuite(SuiteRunnerWorker.java:53)
at org.testng.SuiteRunnerWorker.run(SuiteRunnerWorker.java:96)
at org.testng.TestNG.runSuitesSequentially(TestNG.java:1187)
at org.testng.TestNG.runSuitesLocally(TestNG.java:1109)
at org.testng.TestNG.runSuites(TestNG.java:1039)
at org.testng.TestNG.run(TestNG.java:1007)
at org.testng.remote.AbstractRemoteTestNG.run(AbstractRemoteTestNG.java:115)
at org.testng.remote.RemoteTestNG.initAndRun(RemoteTestNG.java:251)
at org.testng.remote.RemoteTestNG.main(RemoteTestNG.java:77)
Caused by: org.openqa.selenium.firefox.NotConnectedException: Unable to connect to host 127.0.0.1 on port 7055 after 45000 ms. Firefox console output:
][GFX1-]: [D3D11] failed to get compositor device. (t=170.272) |[4][GFX1-]: Failed to initialize CompositorD3D11 for SWGL: FEATURE_FAILURE_D3D11_NO_DEVICE (t=170.272) |[5][GFX1-]: RenderCompositorSWGL failed mapping default framebuffer, no dt (t=183.712) |[6][GFX1-]: Receive IPC close with reason=AbnormalShutdown (t=183.872) [GFX1-]: Receive IPC close with reason=AbnormalShutdown
Crash Annotation GraphicsCriticalError: |[0][GFX1-]: Killing GPU process due to IPC reply timeout (t=169.962) |[1][GFX1-]: Fallback WR to SW-WR + D3D11 (t=170.122) |[2][GFX1-]: Failed to create remote compositor (t=170.122) |[3][GFX1-]: [D3D11] failed to get compositor device. (t=170.272) |[4][GFX1-]: Failed to initialize CompositorD3D11 for SWGL: FEATURE_FAILURE_D3D11_NO_DEVICE (t=170.272) |[5][GFX1-]: RenderCompositorSWGL failed mapping default framebuffer, no dt (t=183.712) |[6][GFX1-]: Receive IPC close with reason=AbnormalShutdown (t=183.872) |[7][GFX1-]: [D3D11] failed to get compositor device. (t=189.492) [GFX1-]: [D3D11] failed to get compositor device.
Crash Annotation GraphicsCriticalError: |[0][GFX1-]: Killing GPU process due to IPC reply timeout (t=169.962) |[1][GFX1-]: Fallback WR to SW-WR + D3D11 (t=170.122) |[2][GFX1-]: Failed to create remote compositor (t=170.122) |[3][GFX1-]: [D3D11] failed to get compositor device. (t=170.272) |[4][GFX1-]: Failed to initialize CompositorD3D11 for SWGL: FEATURE_FAILURE_D3D11_NO_DEVICE (t=170.272) |[5][GFX1-]: RenderCompositorSWGL failed mapping default framebuffer, no dt (t=183.712) |[6][GFX1-]: Receive IPC close with reason=AbnormalShutdown (t=183.872) |[7][GFX1-]: [D3D11] failed to get compositor device. (t=189.492) |[8][GFX1-]: Failed to initialize CompositorD3D11 for SWGL: FEATURE_FAILURE_D3D11_NO_DEVICE (t=189.492) [GFX1-]: Failed to initialize CompositorD3D11 for SWGL: FEATURE_FAILURE_D3D11_NO_DEVICE
JavaScript error: resource://gre/modules/XULStore.jsm, line 66: Error: Can't find profile directory.
Crash Annotation GraphicsCriticalError: |[0][GFX1-]: Killing GPU process due to IPC reply timeout (t=169.962) |[1][GFX1-]: Fallback WR to SW-WR + D3D11 (t=170.122) |[2][GFX1-]: Failed to create remote compositor (t=170.122) |[3][GFX1-]: [D3D11] failed to get compositor device. (t=170.272) |[4][GFX1-]: Failed to initialize CompositorD3D11 for SWGL: FEATURE_FAILURE_D3D11_NO_DEVICE (t=170.272) |[5][GFX1-]: RenderCompositorSWGL failed mapping default framebuffer, no dt (t=183.712) |[6][GFX1-]: Receive IPC close with reason=AbnormalShutdown (t=183.872) |[7][GFX1-]: [D3D11] failed to get compositor device. (t=189.492) |[8][GFX1-]: Failed to initialize CompositorD3D11 for SWGL: FEATURE_FAILURE_D3D11_NO_DEVICE (t=189.492) |[9][GFX1-]: [D3D11] failed to get compositor device. (t=240.742) [GFX1-]: [D3D11] failed to get compositor device.
Crash Annotation GraphicsCriticalError: |[0][GFX1-]: Killing GPU process due to IPC reply timeout (t=169.962) |[1][GFX1-]: Fallback WR to SW-WR + D3D11 (t=170.122) |[2][GFX1-]: Failed to create remote compositor (t=170.122) |[3][GFX1-]: [D3D11] failed to get compositor device. (t=170.272) |[4][GFX1-]: Failed to initialize CompositorD3D11 for SWGL: FEATURE_FAILURE_D3D11_NO_DEVICE (t=170.272) |[5][GFX1-]: RenderCompositorSWGL failed mapping default framebuffer, no dt (t=183.712) |[6][GFX1-]: Receive IPC close with reason=AbnormalShutdown (t=183.872) |[7][GFX1-]: [D3D11] failed to get compositor device. (t=189.492) |[8][GFX1-]: Failed to initialize CompositorD3D11 for SWGL: FEATURE_FAILURE_D3D11_NO_DEVICE (t=189.492) |[9][GFX1-]: [D3D11] failed to get compositor device. (t=240.742) |[10][GFX1-]: Failed to initialize CompositorD3D11 for SWGL: FEATURE_FAILURE_D3D11_NO_DEVICE (t=240.742) [GFX1-]: Failed to initialize CompositorD3D11 for SWGL: FEATURE_FAILURE_D3D11_NO_DEVICE

###!!! [Parent][PRemoteDecoderManagerParent] Error: RunMessage(msgname=PRemoteDecoderManager::Msg_PRemoteDecoderConstructor) Channel error: cannot send/recv


###!!! [Parent][PRemoteDecoderManagerParent] Error: RunMessage(msgname=PRemoteDecoder::Msg_Construct) Channel error: cannot send/recv


at org.openqa.selenium.firefox.internal.NewProfileExtensionConnection.start(NewProfileExtensionConnection.java:113)
... 35 more
]]>
    </error>
  </testcase> <!-- m1 -->
  <system-out/>
</testsuite> <!-- Web.SeleniumTestNG.BasicAuth -->
