<?xml version="1.0" encoding="UTF-8"?>
<!-- Generated by org.testng.reporters.JUnitReportReporter -->
<testsuite skipped="0" hostname="DESKTOP-L5FLRLQ" name="Web.SeleniumTestNG.App" tests="1" failures="0" timestamp="2022-06-17T17:14:47 IST" time="39.230" errors="0">
  <testcase name="m1" time="39.230" classname="Web.SeleniumTestNG.App"/>
  <system-out/>
</testsuite> <!-- Web.SeleniumTestNG.App -->
